<?xml version="1.0" encoding="UTF-8"?>
<!-- Generated by org.testng.reporters.JUnitReportReporter -->
<testsuite hostname="DESKTOP-6E33QKP" failures="0" tests="1" name="testCases.TC_001_AccountRegistration" time="5.779" errors="0" timestamp="2023-01-21T13:45:49 IST" skipped="0">
  <testcase classname="testCases.TC_001_AccountRegistration" name="test_account_Registration" time="5.779"/>
  <system-out/>
</testsuite> <!-- testCases.TC_001_AccountRegistration -->
