<?xml version="1.0" encoding="UTF-8"?>
<!-- Generated by org.testng.reporters.JUnitReportReporter -->
<testsuite hostname="DESKTOP-6E33QKP" failures="0" tests="1" name="testCases.TC_002_LoginTest" time="10.781" errors="0" timestamp="2023-01-21T13:45:49 IST" skipped="0">
  <testcase classname="testCases.TC_002_LoginTest" name="test_Login" time="10.781"/>
  <system-out/>
</testsuite> <!-- testCases.TC_002_LoginTest -->
